{"sessionId":"d612f0","runId":"before-fix","hypothesisId":"H2","location":"api/dashboard.php:17","message":"Dashboard API parsed range","data":{"range":"all","from":null,"to":null,"start":null,"end":null},"timestamp":1777991714650}
{"sessionId":"d612f0","runId":"before-fix","hypothesisId":"H4","location":"services/FinanceService.php:154","message":"FinanceService dashboard date expressions","data":{"start":null,"end":null,"incomeDateExpr":"created_at","expenseDateExpr":"created_at"},"timestamp":1777991714722}
{"sessionId":"d612f0","runId":"before-fix","hypothesisId":"H4","location":"api/dashboard.php:33","message":"Dashboard API response totals","data":{"total_income":202000.01,"total_expenses":0,"net_balance":202000.01,"company_balance":151000.01},"timestamp":1777991714741}
{"sessionId":"d612f0","runId":"before-fix","hypothesisId":"H2","location":"api/dashboard.php:17","message":"Dashboard API parsed range","data":{"range":"daily","from":null,"to":null,"start":"2026-05-05 00:00:00","end":"2026-05-05 23:59:59"},"timestamp":1777991716399}
{"sessionId":"d612f0","runId":"before-fix","hypothesisId":"H4","location":"services/FinanceService.php:154","message":"FinanceService dashboard date expressions","data":{"start":"2026-05-05 00:00:00","end":"2026-05-05 23:59:59","incomeDateExpr":"created_at","expenseDateExpr":"created_at"},"timestamp":1777991716439}
{"sessionId":"d612f0","runId":"before-fix","hypothesisId":"H4","location":"api/dashboard.php:33","message":"Dashboard API response totals","data":{"total_income":202000.01,"total_expenses":0,"net_balance":202000.01,"company_balance":151000.01},"timestamp":1777991716443}
{"sessionId":"d612f0","runId":"before-fix","hypothesisId":"H2","location":"api/dashboard.php:17","message":"Dashboard API parsed range","data":{"range":"daily","from":null,"to":null,"start":"2026-05-05 00:00:00","end":"2026-05-05 23:59:59"},"timestamp":1777991716801}
{"sessionId":"d612f0","runId":"before-fix","hypothesisId":"H4","location":"services/FinanceService.php:154","message":"FinanceService dashboard date expressions","data":{"start":"2026-05-05 00:00:00","end":"2026-05-05 23:59:59","incomeDateExpr":"created_at","expenseDateExpr":"created_at"},"timestamp":1777991716819}
{"sessionId":"d612f0","runId":"before-fix","hypothesisId":"H4","location":"api/dashboard.php:33","message":"Dashboard API response totals","data":{"total_income":202000.01,"total_expenses":0,"net_balance":202000.01,"company_balance":151000.01},"timestamp":1777991716823}
{"sessionId":"d612f0","runId":"before-fix","hypothesisId":"H2","location":"api/dashboard.php:17","message":"Dashboard API parsed range","data":{"range":"all","from":null,"to":null,"start":null,"end":null},"timestamp":1777991720797}
{"sessionId":"d612f0","runId":"before-fix","hypothesisId":"H4","location":"services/FinanceService.php:154","message":"FinanceService dashboard date expressions","data":{"start":null,"end":null,"incomeDateExpr":"created_at","expenseDateExpr":"created_at"},"timestamp":1777991720828}
{"sessionId":"d612f0","runId":"before-fix","hypothesisId":"H4","location":"api/dashboard.php:33","message":"Dashboard API response totals","data":{"total_income":202000.01,"total_expenses":0,"net_balance":202000.01,"company_balance":151000.01},"timestamp":1777991720837}
{"sessionId":"d612f0","runId":"before-fix","hypothesisId":"H2","location":"api/dashboard.php:17","message":"Dashboard API parsed range","data":{"range":"all","from":null,"to":null,"start":null,"end":null},"timestamp":1777991721200}
{"sessionId":"d612f0","runId":"before-fix","hypothesisId":"H4","location":"services/FinanceService.php:154","message":"FinanceService dashboard date expressions","data":{"start":null,"end":null,"incomeDateExpr":"created_at","expenseDateExpr":"created_at"},"timestamp":1777991721221}
{"sessionId":"d612f0","runId":"before-fix","hypothesisId":"H4","location":"api/dashboard.php:33","message":"Dashboard API response totals","data":{"total_income":202000.01,"total_expenses":0,"net_balance":202000.01,"company_balance":151000.01},"timestamp":1777991721224}
{"sessionId":"d612f0","runId":"before-fix","hypothesisId":"H2","location":"api/dashboard.php:17","message":"Dashboard API parsed range","data":{"range":"all","from":null,"to":null,"start":null,"end":null},"timestamp":1777991721344}
{"sessionId":"d612f0","runId":"before-fix","hypothesisId":"H4","location":"services/FinanceService.php:154","message":"FinanceService dashboard date expressions","data":{"start":null,"end":null,"incomeDateExpr":"created_at","expenseDateExpr":"created_at"},"timestamp":1777991721353}
{"sessionId":"d612f0","runId":"before-fix","hypothesisId":"H4","location":"api/dashboard.php:33","message":"Dashboard API response totals","data":{"total_income":202000.01,"total_expenses":0,"net_balance":202000.01,"company_balance":151000.01},"timestamp":1777991721357}
{"sessionId":"d612f0","runId":"before-fix","hypothesisId":"H2","location":"api/dashboard.php:17","message":"Dashboard API parsed range","data":{"range":"all","from":null,"to":null,"start":null,"end":null},"timestamp":1777991721473}
{"sessionId":"d612f0","runId":"before-fix","hypothesisId":"H4","location":"services/FinanceService.php:154","message":"FinanceService dashboard date expressions","data":{"start":null,"end":null,"incomeDateExpr":"created_at","expenseDateExpr":"created_at"},"timestamp":1777991721486}
{"sessionId":"d612f0","runId":"before-fix","hypothesisId":"H4","location":"api/dashboard.php:33","message":"Dashboard API response totals","data":{"total_income":202000.01,"total_expenses":0,"net_balance":202000.01,"company_balance":151000.01},"timestamp":1777991721537}
{"sessionId":"d612f0","runId":"before-fix","hypothesisId":"H2","location":"api/dashboard.php:17","message":"Dashboard API parsed range","data":{"range":"all","from":null,"to":null,"start":null,"end":null},"timestamp":1777991721981}
{"sessionId":"d612f0","runId":"before-fix","hypothesisId":"H4","location":"services/FinanceService.php:154","message":"FinanceService dashboard date expressions","data":{"start":null,"end":null,"incomeDateExpr":"created_at","expenseDateExpr":"created_at"},"timestamp":1777991721995}
{"sessionId":"d612f0","runId":"before-fix","hypothesisId":"H4","location":"api/dashboard.php:33","message":"Dashboard API response totals","data":{"total_income":202000.01,"total_expenses":0,"net_balance":202000.01,"company_balance":151000.01},"timestamp":1777991722000}
{"sessionId":"d612f0","runId":"before-fix","hypothesisId":"H2","location":"api/dashboard.php:17","message":"Dashboard API parsed range","data":{"range":"all","from":null,"to":null,"start":null,"end":null},"timestamp":1777991722161}
{"sessionId":"d612f0","runId":"before-fix","hypothesisId":"H4","location":"services/FinanceService.php:154","message":"FinanceService dashboard date expressions","data":{"start":null,"end":null,"incomeDateExpr":"created_at","expenseDateExpr":"created_at"},"timestamp":1777991722185}
{"sessionId":"d612f0","runId":"before-fix","hypothesisId":"H4","location":"api/dashboard.php:33","message":"Dashboard API response totals","data":{"total_income":202000.01,"total_expenses":0,"net_balance":202000.01,"company_balance":151000.01},"timestamp":1777991722189}
{"sessionId":"d612f0","runId":"before-fix","hypothesisId":"H2","location":"api/dashboard.php:17","message":"Dashboard API parsed range","data":{"range":"all","from":null,"to":null,"start":null,"end":null},"timestamp":1777991722449}
{"sessionId":"d612f0","runId":"before-fix","hypothesisId":"H4","location":"services/FinanceService.php:154","message":"FinanceService dashboard date expressions","data":{"start":null,"end":null,"incomeDateExpr":"created_at","expenseDateExpr":"created_at"},"timestamp":1777991722461}
{"sessionId":"d612f0","runId":"before-fix","hypothesisId":"H4","location":"api/dashboard.php:33","message":"Dashboard API response totals","data":{"total_income":202000.01,"total_expenses":0,"net_balance":202000.01,"company_balance":151000.01},"timestamp":1777991722465}
{"sessionId":"d612f0","runId":"before-fix","hypothesisId":"H2","location":"api/dashboard.php:17","message":"Dashboard API parsed range","data":{"range":"all","from":null,"to":null,"start":null,"end":null},"timestamp":1777991748781}
{"sessionId":"d612f0","runId":"before-fix","hypothesisId":"H4","location":"services/FinanceService.php:154","message":"FinanceService dashboard date expressions","data":{"start":null,"end":null,"incomeDateExpr":"created_at","expenseDateExpr":"created_at"},"timestamp":1777991748815}
{"sessionId":"d612f0","runId":"before-fix","hypothesisId":"H4","location":"api/dashboard.php:33","message":"Dashboard API response totals","data":{"total_income":202000.01,"total_expenses":0,"net_balance":202000.01,"company_balance":151000.01},"timestamp":1777991748821}
{"sessionId":"d612f0","runId":"before-fix","hypothesisId":"H4","location":"services/FinanceService.php:154","message":"FinanceService dashboard date expressions","data":{"start":"2026-05-05 00:00:00","end":"2026-05-05 23:59:59","incomeDateExpr":"created_at","expenseDateExpr":"created_at"},"timestamp":1777991750158}
{"sessionId":"d612f0","runId":"before-fix","hypothesisId":"H4","location":"services/FinanceService.php:154","message":"FinanceService dashboard date expressions","data":{"start":"2026-05-05 00:00:00","end":"2026-05-05 23:59:59","incomeDateExpr":"created_at","expenseDateExpr":"created_at"},"timestamp":1777991750880}
{"sessionId":"d612f0","runId":"before-fix","hypothesisId":"H4","location":"services/FinanceService.php:154","message":"FinanceService dashboard date expressions","data":{"start":"2026-05-05 00:00:00","end":"2026-05-05 23:59:59","incomeDateExpr":"created_at","expenseDateExpr":"created_at"},"timestamp":1777991751057}
{"sessionId":"d612f0","runId":"before-fix","hypothesisId":"H4","location":"services/FinanceService.php:154","message":"FinanceService dashboard date expressions","data":{"start":"2026-05-05 00:00:00","end":"2026-05-05 23:59:59","incomeDateExpr":"created_at","expenseDateExpr":"created_at"},"timestamp":1777991751174}
{"sessionId":"d612f0","runId":"before-fix","hypothesisId":"H4","location":"services/FinanceService.php:154","message":"FinanceService dashboard date expressions","data":{"start":"2026-05-05 00:00:00","end":"2026-05-05 23:59:59","incomeDateExpr":"created_at","expenseDateExpr":"created_at"},"timestamp":1777991751330}
{"sessionId":"d612f0","runId":"before-fix","hypothesisId":"H4","location":"services/FinanceService.php:154","message":"FinanceService dashboard date expressions","data":{"start":"2026-05-01 00:00:00","end":"2026-05-31 23:59:59","incomeDateExpr":"created_at","expenseDateExpr":"created_at"},"timestamp":1777991753570}
